<?xml version="1.0" encoding="UTF-8"?>
<!-- Generated by org.testng.reporters.JUnitXMLReporter -->
<testsuite ignored="0" hostname="DESKTOP-VI7LBD0" failures="0" tests="3" name="Test" time="24.527" errors="0" timestamp="13 sept. 2020 15:22:13 GMT">
  <testcase classname="bdeb.ProjetFinal.LoginPageTest" name="doLogin" time="6.383"/>
  <testcase classname="bdeb.ProjetFinal.LogoutTest" name="logOut" time="9.752"/>
  <testcase classname="bdeb.ProjetFinal.HomePageTest" name="validateHomePage" time="6.254"/>
</testsuite> <!-- Test -->
